# JRE version: Java(TM) SE Runtime Environment (7.0_71-b14) (build 1.7.0_71-b14)
# Java VM: Java HotSpot(TM) 64-Bit Server VM (24.71-b01 mixed mode windows-amd64 compressed oops)
Heap
 PSYoungGen      total 439296K, used 27584K [0x00000007d5c80000, 0x00000007f1c00000, 0x0000000800000000)
  eden space 420352K, 3% used [0x00000007d5c80000,0x00000007d6a65ce8,0x00000007ef700000)
  from space 18944K, 70% used [0x00000007f0980000,0x00000007f168a498,0x00000007f1c00000)
  to   space 18944K, 0% used [0x00000007ef700000,0x00000007ef700000,0x00000007f0980000)
 ParOldGen       total 86016K, used 38706K [0x0000000781600000, 0x0000000786a00000, 0x00000007d5c80000)
  object space 86016K, 44% used [0x0000000781600000,0x0000000783bccbe8,0x0000000786a00000)
 PSPermGen       total 47104K, used 46657K [0x000000077c400000, 0x000000077f200000, 0x0000000781600000)
  object space 47104K, 99% used [0x000000077c400000,0x000000077f1907f0,0x000000077f200000)
GC Heap History (10 events):
Event: 3.461 GC heap after
Heap after GC invocations=5 (full 0):
 PSYoungGen      total 71680K, used 5098K [0x00000007d5c80000, 0x00000007df280000, 0x0000000800000000)
  eden space 66560K, 0% used [0x00000007d5c80000,0x00000007d5c80000,0x00000007d9d80000)
  from space 5120K, 99% used [0x00000007d9d80000,0x00000007da27a8f0,0x00000007da280000)
  to   space 10240K, 0% used [0x00000007de880000,0x00000007de880000,0x00000007df280000)
 ParOldGen       total 86016K, used 16496K [0x0000000781600000, 0x0000000786a00000, 0x00000007d5c80000)
  object space 86016K, 19% used [0x0000000781600000,0x000000078261c1b8,0x0000000786a00000)
 PSPermGen       total 21504K, used 18651K [0x000000077c400000, 0x000000077d900000, 0x0000000781600000)
  object space 21504K, 86% used [0x000000077c400000,0x000000077d636d90,0x000000077d900000)
}
Event: 4.264 GC heap before
{Heap before GC invocations=6 (full 0):
 PSYoungGen      total 71680K, used 71658K [0x00000007d5c80000, 0x00000007df280000, 0x0000000800000000)
  eden space 66560K, 100% used [0x00000007d5c80000,0x00000007d9d80000,0x00000007d9d80000)
  from space 5120K, 99% used [0x00000007d9d80000,0x00000007da27a8f0,0x00000007da280000)
  to   space 10240K, 0% used [0x00000007de880000,0x00000007de880000,0x00000007df280000)
 ParOldGen       total 86016K, used 16496K [0x0000000781600000, 0x0000000786a00000, 0x00000007d5c80000)
  object space 86016K, 19% used [0x0000000781600000,0x000000078261c1b8,0x0000000786a00000)
 PSPermGen       total 22016K, used 21581K [0x000000077c400000, 0x000000077d980000, 0x0000000781600000)
  object space 22016K, 98% used [0x000000077c400000,0x000000077d913458,0x000000077d980000)
Event: 4.276 GC heap after
Heap after GC invocations=6 (full 0):
 PSYoungGen      total 143360K, used 8774K [0x00000007d5c80000, 0x00000007df280000, 0x0000000800000000)
  eden space 133120K, 0% used [0x00000007d5c80000,0x00000007d5c80000,0x00000007dde80000)
  from space 10240K, 85% used [0x00000007de880000,0x00000007df111a60,0x00000007df280000)
  to   space 10240K, 0% used [0x00000007dde80000,0x00000007dde80000,0x00000007de880000)
 ParOldGen       total 86016K, used 16504K [0x0000000781600000, 0x0000000786a00000, 0x00000007d5c80000)
  object space 86016K, 19% used [0x0000000781600000,0x000000078261e1b8,0x0000000786a00000)
 PSPermGen       total 22016K, used 21581K [0x000000077c400000, 0x000000077d980000, 0x0000000781600000)
  object space 22016K, 98% used [0x000000077c400000,0x000000077d913458,0x000000077d980000)
}
Event: 5.608 GC heap before
{Heap before GC invocations=7 (full 0):
 PSYoungGen      total 143360K, used 141894K [0x00000007d5c80000, 0x00000007df280000, 0x0000000800000000)
  eden space 133120K, 100% used [0x00000007d5c80000,0x00000007dde80000,0x00000007dde80000)
  from space 10240K, 85% used [0x00000007de880000,0x00000007df111a60,0x00000007df280000)
  to   space 10240K, 0% used [0x00000007dde80000,0x00000007dde80000,0x00000007de880000)
 ParOldGen       total 86016K, used 16504K [0x0000000781600000, 0x0000000786a00000, 0x00000007d5c80000)
  object space 86016K, 19% used [0x0000000781600000,0x000000078261e1b8,0x0000000786a00000)
 PSPermGen       total 27648K, used 27203K [0x000000077c400000, 0x000000077df00000, 0x0000000781600000)
  object space 27648K, 98% used [0x000000077c400000,0x000000077de90d30,0x000000077df00000)
Event: 5.625 GC heap after
Heap after GC invocations=7 (full 0):
 PSYoungGen      total 143360K, used 9835K [0x00000007d5c80000, 0x00000007e7580000, 0x0000000800000000)
  eden space 133120K, 0% used [0x00000007d5c80000,0x00000007d5c80000,0x00000007dde80000)
  from space 10240K, 96% used [0x00000007dde80000,0x00000007de81af70,0x00000007de880000)
  to   space 10752K, 0% used [0x00000007e6b00000,0x00000007e6b00000,0x00000007e7580000)
 ParOldGen       total 86016K, used 18584K [0x0000000781600000, 0x0000000786a00000, 0x00000007d5c80000)
  object space 86016K, 21% used [0x0000000781600000,0x0000000782826370,0x0000000786a00000)
 PSPermGen       total 27648K, used 27203K [0x000000077c400000, 0x000000077df00000, 0x0000000781600000)
  object space 27648K, 98% used [0x000000077c400000,0x000000077de90d30,0x000000077df00000)
}
Event: 7.057 GC heap before
{Heap before GC invocations=8 (full 0):
 PSYoungGen      total 143360K, used 142955K [0x00000007d5c80000, 0x00000007e7580000, 0x0000000800000000)
  eden space 133120K, 100% used [0x00000007d5c80000,0x00000007dde80000,0x00000007dde80000)
  from space 10240K, 96% used [0x00000007dde80000,0x00000007de81af70,0x00000007de880000)
  to   space 10752K, 0% used [0x00000007e6b00000,0x00000007e6b00000,0x00000007e7580000)
 ParOldGen       total 86016K, used 18584K [0x0000000781600000, 0x0000000786a00000, 0x00000007d5c80000)
  object space 86016K, 21% used [0x0000000781600000,0x0000000782826370,0x0000000786a00000)
 PSPermGen       total 37888K, used 37510K [0x000000077c400000, 0x000000077e900000, 0x0000000781600000)
  object space 37888K, 99% used [0x000000077c400000,0x000000077e8a1a90,0x000000077e900000)
Event: 7.078 GC heap after
Heap after GC invocations=8 (full 0):
 PSYoungGen      total 273408K, used 10726K [0x00000007d5c80000, 0x00000007e7c80000, 0x0000000800000000)
  eden space 262656K, 0% used [0x00000007d5c80000,0x00000007d5c80000,0x00000007e5d00000)
  from space 10752K, 99% used [0x00000007e6b00000,0x00000007e7579aa8,0x00000007e7580000)
  to   space 14336K, 0% used [0x00000007e5d00000,0x00000007e5d00000,0x00000007e6b00000)
 ParOldGen       total 86016K, used 25045K [0x0000000781600000, 0x0000000786a00000, 0x00000007d5c80000)
  object space 86016K, 29% used [0x0000000781600000,0x0000000782e75428,0x0000000786a00000)
 PSPermGen       total 37888K, used 37510K [0x000000077c400000, 0x000000077e900000, 0x0000000781600000)
  object space 37888K, 99% used [0x000000077c400000,0x000000077e8a1a90,0x000000077e900000)
}
Event: 9.534 GC heap before
{Heap before GC invocations=9 (full 0):
 PSYoungGen      total 273408K, used 273382K [0x00000007d5c80000, 0x00000007e7c80000, 0x0000000800000000)
  eden space 262656K, 100% used [0x00000007d5c80000,0x00000007e5d00000,0x00000007e5d00000)
  from space 10752K, 99% used [0x00000007e6b00000,0x00000007e7579aa8,0x00000007e7580000)
  to   space 14336K, 0% used [0x00000007e5d00000,0x00000007e5d00000,0x00000007e6b00000)
 ParOldGen       total 86016K, used 25045K [0x0000000781600000, 0x0000000786a00000, 0x00000007d5c80000)
  object space 86016K, 29% used [0x0000000781600000,0x0000000782e75428,0x0000000786a00000)
 PSPermGen       total 46080K, used 45941K [0x000000077c400000, 0x000000077f100000, 0x0000000781600000)
  object space 46080K, 99% used [0x000000077c400000,0x000000077f0dd4e0,0x000000077f100000)
Event: 9.566 GC heap after
Heap after GC invocations=9 (full 0):
 PSYoungGen      total 276992K, used 14334K [0x00000007d5c80000, 0x00000007f1c00000, 0x0000000800000000)
  eden space 262656K, 0% used [0x00000007d5c80000,0x00000007d5c80000,0x00000007e5d00000)
  from space 14336K, 99% used [0x00000007e5d00000,0x00000007e6affb50,0x00000007e6b00000)
  to   space 18944K, 0% used [0x00000007f0980000,0x00000007f0980000,0x00000007f1c00000)
 ParOldGen       total 86016K, used 33564K [0x0000000781600000, 0x0000000786a00000, 0x00000007d5c80000)
  object space 86016K, 39% used [0x0000000781600000,0x00000007836c7198,0x0000000786a00000)
 PSPermGen       total 46080K, used 45941K [0x000000077c400000, 0x000000077f100000, 0x0000000781600000)
  object space 46080K, 99% used [0x000000077c400000,0x000000077f0dd4e0,0x000000077f100000)
}
Event: 11.448 GC heap before
{Heap before GC invocations=10 (full 0):
 PSYoungGen      total 276992K, used 276990K [0x00000007d5c80000, 0x00000007f1c00000, 0x0000000800000000)
  eden space 262656K, 100% used [0x00000007d5c80000,0x00000007e5d00000,0x00000007e5d00000)
  from space 14336K, 99% used [0x00000007e5d00000,0x00000007e6affb50,0x00000007e6b00000)
  to   space 18944K, 0% used [0x00000007f0980000,0x00000007f0980000,0x00000007f1c00000)
 ParOldGen       total 86016K, used 33564K [0x0000000781600000, 0x0000000786a00000, 0x00000007d5c80000)
  object space 86016K, 39% used [0x0000000781600000,0x00000007836c7198,0x0000000786a00000)
 PSPermGen       total 47104K, used 46656K [0x000000077c400000, 0x000000077f200000, 0x0000000781600000)
  object space 47104K, 99% used [0x000000077c400000,0x000000077f190080,0x000000077f200000)

